INFO  -24 -log_utils - 2022-11-22 17:29:32  keycloak login suceesfully  
INFO  -40 -log_utils - 2022-11-22 17:29:36  OTP login suceesfully  
INFO  -83 -log_utils - 2022-11-22 17:29:37  Start to use the predicting system.        
INFO  -55 -log_utils - 2022-11-22 17:29:52  serverDB connects suceesfully  
INFO  -69 -log_utils - 2022-11-22 17:29:54  Line width result is 118.717  
INFO  -76 -log_utils - 2022-11-22 17:29:57  manual logout        
INFO  -24 -log_utils - 2022-11-22 17:30:06  keycloak login suceesfully  
INFO  -40 -log_utils - 2022-11-22 17:30:12  OTP login suceesfully  
INFO  -83 -log_utils - 2022-11-22 17:30:14  Start to use the predicting system.        
INFO  -76 -log_utils - 2022-11-22 17:31:35  manual logout        
INFO  -24 -log_utils - 2022-11-22 17:31:46  keycloak login suceesfully  
INFO  -24 -log_utils - 2022-11-22 17:32:16  keycloak login suceesfully  
WARNING  -48 -log_utils - 2022-11-22 17:32:21  OTP login fail       
INFO  -40 -log_utils - 2022-11-22 17:32:27  OTP login suceesfully  
INFO  -83 -log_utils - 2022-11-22 17:32:28  Start to use the predicting system.        
INFO  -55 -log_utils - 2022-11-22 17:32:40  serverDB connects suceesfully  
INFO  -69 -log_utils - 2022-11-22 17:32:42  Line width result is 117.742  
INFO  -76 -log_utils - 2022-11-22 17:32:43  manual logout        
INFO  -24 -log_utils - 2022-11-22 17:32:47  keycloak login suceesfully  
INFO  -40 -log_utils - 2022-11-22 17:32:56  OTP login suceesfully  
INFO  -83 -log_utils - 2022-11-22 17:32:57  Start to use the predicting system.        
INFO  -24 -log_utils - 2022-11-22 21:29:47  keycloak login suceesfully  
INFO  -40 -log_utils - 2022-11-22 21:29:59  OTP login suceesfully  
INFO  -83 -log_utils - 2022-11-22 21:30:00  Start to use the predicting system.        
INFO  -55 -log_utils - 2022-11-22 21:30:24  serverDB connects suceesfully  
INFO  -69 -log_utils - 2022-11-22 21:30:26  Line width result is 341.646  
INFO  -76 -log_utils - 2022-11-22 21:30:31  manual logout        
INFO  -24 -log_utils - 2022-11-22 21:38:09  keycloak login suceesfully  
INFO  -40 -log_utils - 2022-11-22 21:38:13  OTP login suceesfully  
INFO  -83 -log_utils - 2022-11-22 21:38:16  Start to use the predicting system.        
INFO  -55 -log_utils - 2022-11-22 21:38:27  serverDB connects suceesfully  
INFO  -69 -log_utils - 2022-11-22 21:38:29  Line width result is 121.025  
INFO  -76 -log_utils - 2022-11-22 21:38:31  manual logout        
INFO  -24 -log_utils - 2022-11-22 22:22:53  keycloak login suceesfully  
INFO  -40 -log_utils - 2022-11-22 22:22:58  OTP login suceesfully  
INFO  -83 -log_utils - 2022-11-22 22:23:00  Start to use the predicting system.        
INFO  -55 -log_utils - 2022-11-22 22:23:18  serverDB connects suceesfully  
INFO  -69 -log_utils - 2022-11-22 22:23:20  Line width result is 341.646  
INFO  -76 -log_utils - 2022-11-22 22:23:24  manual logout        
INFO  -24 -log_utils - 2022-11-22 22:23:33  keycloak login suceesfully  
INFO  -40 -log_utils - 2022-11-22 22:23:38  OTP login suceesfully  
INFO  -83 -log_utils - 2022-11-22 22:23:40  Start to use the predicting system.        
INFO  -55 -log_utils - 2022-11-22 22:23:58  serverDB connects suceesfully  
INFO  -69 -log_utils - 2022-11-22 22:23:58  Line width result is 120.851  
INFO  -76 -log_utils - 2022-11-22 22:24:06  manual logout        
INFO  -24 -log_utils - 2022-11-22 22:28:11  keycloak login suceesfully  
INFO  -40 -log_utils - 2022-11-22 22:28:16  OTP login suceesfully  
INFO  -24 -log_utils - 2022-11-22 22:28:34  keycloak login suceesfully  
INFO  -40 -log_utils - 2022-11-22 22:28:41  OTP login suceesfully  
INFO  -83 -log_utils - 2022-11-22 22:28:43  Start to use the predicting system.        
INFO  -76 -log_utils - 2022-11-22 22:28:45  manual logout        
INFO  -24 -log_utils - 2022-11-22 22:28:50  keycloak login suceesfully  
INFO  -40 -log_utils - 2022-11-22 22:28:55  OTP login suceesfully  
INFO  -83 -log_utils - 2022-11-22 22:28:57  Start to use the predicting system.        
INFO  -76 -log_utils - 2022-11-22 22:29:01  manual logout        
INFO  -24 -log_utils - 2022-11-22 22:29:06  keycloak login suceesfully  
INFO  -40 -log_utils - 2022-11-22 22:29:11  OTP login suceesfully  
INFO  -83 -log_utils - 2022-11-22 22:29:12  Start to use the predicting system.        
INFO  -55 -log_utils - 2022-11-22 22:29:26  serverDB connects suceesfully  
INFO  -24 -log_utils - 2022-11-22 22:37:51  keycloak login suceesfully  
INFO  -40 -log_utils - 2022-11-22 22:37:56  OTP login suceesfully  
INFO  -83 -log_utils - 2022-11-22 22:37:57  Start to use the predicting system.        
INFO  -55 -log_utils - 2022-11-22 22:38:09  serverDB connects suceesfully  
INFO  -69 -log_utils - 2022-11-22 22:38:11  Line width result is 124.871  
INFO  -76 -log_utils - 2022-11-22 22:38:14  manual logout        
INFO  -24 -log_utils - 2022-11-22 22:38:19  keycloak login suceesfully  
INFO  -40 -log_utils - 2022-11-22 22:38:28  OTP login suceesfully  
INFO  -83 -log_utils - 2022-11-22 22:38:29  Start to use the predicting system.        
INFO  -55 -log_utils - 2022-11-22 22:38:43  serverDB connects suceesfully  
INFO  -69 -log_utils - 2022-11-22 22:38:43  Line width result is 124.871  
INFO  -55 -log_utils - 2022-11-22 22:38:52  serverDB connects suceesfully  
INFO  -69 -log_utils - 2022-11-22 22:38:52  Line width result is 124.871  
INFO  -24 -log_utils - 2022-11-22 22:42:19  keycloak login suceesfully  
INFO  -40 -log_utils - 2022-11-22 22:42:24  OTP login suceesfully  
INFO  -83 -log_utils - 2022-11-22 22:42:25  Start to use the predicting system.        
INFO  -24 -log_utils - 2022-11-22 22:48:45  keycloak login suceesfully  
WARNING  -48 -log_utils - 2022-11-22 22:48:51  OTP login fail       
INFO  -40 -log_utils - 2022-11-22 22:48:56  OTP login suceesfully  
INFO  -83 -log_utils - 2022-11-22 22:48:58  Start to use the predicting system.        
INFO  -76 -log_utils - 2022-11-22 22:48:59  manual logout        
WARNING  -32 -log_utils - 2022-11-22 22:49:04  keycloak login fail        
INFO  -24 -log_utils - 2022-11-22 22:49:07  keycloak login suceesfully  
INFO  -40 -log_utils - 2022-11-22 22:49:12  OTP login suceesfully  
INFO  -83 -log_utils - 2022-11-22 22:49:13  Start to use the predicting system.        
INFO  -76 -log_utils - 2022-11-22 22:49:21  manual logout        
INFO  -24 -log_utils - 2022-11-22 22:49:26  keycloak login suceesfully  
INFO  -40 -log_utils - 2022-11-22 22:49:30  OTP login suceesfully  
INFO  -83 -log_utils - 2022-11-22 22:49:31  Start to use the predicting system.        
INFO  -55 -log_utils - 2022-11-22 22:49:44  serverDB connects suceesfully  
INFO  -69 -log_utils - 2022-11-22 22:49:46  Line width result is 124.871  
INFO  -76 -log_utils - 2022-11-22 22:49:46  manual logout        
INFO  -24 -log_utils - 2022-11-22 22:54:57  keycloak login suceesfully  
INFO  -40 -log_utils - 2022-11-22 22:55:07  OTP login suceesfully  
INFO  -83 -log_utils - 2022-11-22 22:55:10  Start to use the predicting system.        
INFO  -55 -log_utils - 2022-11-22 22:55:24  serverDB connects suceesfully  
INFO  -69 -log_utils - 2022-11-22 22:55:25  Line width result is 124.871  
INFO  -76 -log_utils - 2022-11-22 22:55:28  manual logout        
INFO  -24 -log_utils - 2022-11-22 22:55:33  keycloak login suceesfully  
INFO  -40 -log_utils - 2022-11-22 22:55:41  OTP login suceesfully  
INFO  -83 -log_utils - 2022-11-22 22:55:42  Start to use the predicting system.        
INFO  -76 -log_utils - 2022-11-22 22:55:49  manual logout        
INFO  -24 -log_utils - 2022-11-22 22:55:53  keycloak login suceesfully  
WARNING  -48 -log_utils - 2022-11-22 22:55:56  OTP login fail       
INFO  -40 -log_utils - 2022-11-22 22:56:02  OTP login suceesfully  
INFO  -83 -log_utils - 2022-11-22 22:56:04  Start to use the predicting system.        
INFO  -76 -log_utils - 2022-11-22 22:56:05  manual logout        
INFO  -24 -log_utils - 2022-11-22 22:56:08  keycloak login suceesfully  
INFO  -40 -log_utils - 2022-11-22 22:56:14  OTP login suceesfully  
INFO  -83 -log_utils - 2022-11-22 22:56:15  Start to use the predicting system.        
INFO  -76 -log_utils - 2022-11-22 22:56:16  manual logout        
INFO  -24 -log_utils - 2022-11-22 23:09:00  keycloak login suceesfully  
INFO  -40 -log_utils - 2022-11-22 23:09:06  OTP login suceesfully  
INFO  -83 -log_utils - 2022-11-22 23:09:07  Start to use the predicting system.        
INFO  -55 -log_utils - 2022-11-22 23:09:20  serverDB connects suceesfully  
INFO  -69 -log_utils - 2022-11-22 23:09:21  Line width result is 124.871  
INFO  -76 -log_utils - 2022-11-22 23:09:23  manual logout        
INFO  -24 -log_utils - 2022-11-22 23:09:30  keycloak login suceesfully  
INFO  -40 -log_utils - 2022-11-22 23:09:34  OTP login suceesfully  
INFO  -83 -log_utils - 2022-11-22 23:09:36  Start to use the predicting system.        
INFO  -76 -log_utils - 2022-11-22 23:09:54  manual logout        
INFO  -24 -log_utils - 2022-11-22 23:13:28  keycloak login suceesfully  
INFO  -40 -log_utils - 2022-11-22 23:13:32  OTP login suceesfully  
INFO  -83 -log_utils - 2022-11-22 23:13:34  Start to use the predicting system.        
INFO  -55 -log_utils - 2022-11-22 23:13:52  serverDB connects suceesfully  
INFO  -69 -log_utils - 2022-11-22 23:13:54  Line width result is 133.844  
INFO  -55 -log_utils - 2022-11-22 23:14:14  serverDB connects suceesfully  
INFO  -24 -log_utils - 2022-11-22 23:16:00  keycloak login suceesfully  
INFO  -40 -log_utils - 2022-11-22 23:16:05  OTP login suceesfully  
INFO  -83 -log_utils - 2022-11-22 23:16:06  Start to use the predicting system.        
INFO  -55 -log_utils - 2022-11-22 23:16:19  serverDB connects suceesfully  
INFO  -69 -log_utils - 2022-11-22 23:16:20  Line width result is 124.871  
INFO  -76 -log_utils - 2022-11-22 23:16:23  manual logout        
INFO  -24 -log_utils - 2022-11-22 23:16:32  keycloak login suceesfully  
INFO  -40 -log_utils - 2022-11-22 23:16:36  OTP login suceesfully  
INFO  -83 -log_utils - 2022-11-22 23:16:37  Start to use the predicting system.        
INFO  -55 -log_utils - 2022-11-22 23:16:51  serverDB connects suceesfully  
INFO  -69 -log_utils - 2022-11-22 23:16:51  Line width result is 124.871  
INFO  -76 -log_utils - 2022-11-22 23:16:53  manual logout        
INFO  -24 -log_utils - 2022-11-22 23:28:26  keycloak login suceesfully  
INFO  -40 -log_utils - 2022-11-22 23:28:31  OTP login suceesfully  
INFO  -83 -log_utils - 2022-11-22 23:28:32  Start to use the predicting system.        
INFO  -55 -log_utils - 2022-11-22 23:28:49  serverDB connects suceesfully  
INFO  -69 -log_utils - 2022-11-22 23:28:51  Line width result is 124.871  
INFO  -76 -log_utils - 2022-11-22 23:28:58  manual logout        
INFO  -24 -log_utils - 2022-11-22 23:31:45  keycloak login suceesfully  
INFO  -40 -log_utils - 2022-11-22 23:31:50  OTP login suceesfully  
INFO  -83 -log_utils - 2022-11-22 23:31:52  Start to use the predicting system.        
INFO  -55 -log_utils - 2022-11-22 23:32:03  serverDB connects suceesfully  
INFO  -69 -log_utils - 2022-11-22 23:32:05  Line width result is 124.871  
INFO  -76 -log_utils - 2022-11-22 23:32:12  manual logout        
INFO  -24 -log_utils - 2022-11-22 23:34:01  keycloak login suceesfully  
INFO  -40 -log_utils - 2022-11-22 23:34:05  OTP login suceesfully  
INFO  -83 -log_utils - 2022-11-22 23:34:07  Start to use the predicting system.        
INFO  -55 -log_utils - 2022-11-22 23:34:15  serverDB connects suceesfully  
INFO  -69 -log_utils - 2022-11-22 23:34:16  Line width result is 35.008  
INFO  -76 -log_utils - 2022-11-22 23:34:23  manual logout        
INFO  -24 -log_utils - 2022-11-23 15:30:19  keycloak login suceesfully  
INFO  -40 -log_utils - 2022-11-23 15:30:23  OTP login suceesfully  
INFO  -83 -log_utils - 2022-11-23 15:30:24  Start to use the predicting system.        
INFO  -55 -log_utils - 2022-11-23 15:30:39  serverDB connects suceesfully  
INFO  -24 -log_utils - 2022-11-23 15:52:26  keycloak login suceesfully  
INFO  -40 -log_utils - 2022-11-23 15:52:32  OTP login suceesfully  
INFO  -83 -log_utils - 2022-11-23 15:52:33  Start to use the predicting system.        
INFO  -24 -log_utils - 2022-11-23 15:54:43  keycloak login suceesfully  
INFO  -40 -log_utils - 2022-11-23 15:54:51  OTP login suceesfully  
INFO  -83 -log_utils - 2022-11-23 15:54:52  Start to use the predicting system.        
INFO  -24 -log_utils - 2022-11-23 15:56:58  keycloak login suceesfully  
INFO  -40 -log_utils - 2022-11-23 15:57:02  OTP login suceesfully  
INFO  -83 -log_utils - 2022-11-23 15:57:04  Start to use the predicting system.        
INFO  -24 -log_utils - 2022-11-23 15:58:32  keycloak login suceesfully  
INFO  -40 -log_utils - 2022-11-23 15:58:37  OTP login suceesfully  
INFO  -83 -log_utils - 2022-11-23 15:58:38  Start to use the predicting system.        
INFO  -24 -log_utils - 2022-11-23 16:00:50  keycloak login suceesfully  
INFO  -40 -log_utils - 2022-11-23 16:00:56  OTP login suceesfully  
INFO  -83 -log_utils - 2022-11-23 16:00:57  Start to use the predicting system.        
INFO  -24 -log_utils - 2022-11-23 16:01:44  keycloak login suceesfully  
INFO  -40 -log_utils - 2022-11-23 16:01:51  OTP login suceesfully  
INFO  -83 -log_utils - 2022-11-23 16:01:53  Start to use the predicting system.        
INFO  -24 -log_utils - 2022-11-23 16:03:35  keycloak login suceesfully  
INFO  -40 -log_utils - 2022-11-23 16:03:41  OTP login suceesfully  
INFO  -83 -log_utils - 2022-11-23 16:03:44  Start to use the predicting system.        
INFO  -24 -log_utils - 2022-11-23 16:04:44  keycloak login suceesfully  
INFO  -40 -log_utils - 2022-11-23 16:04:52  OTP login suceesfully  
INFO  -83 -log_utils - 2022-11-23 16:04:54  Start to use the predicting system.        
INFO  -55 -log_utils - 2022-11-23 16:05:07  serverDB connects suceesfully  
INFO  -69 -log_utils - 2022-11-23 16:05:09  Line width result is 136.259  
INFO  -24 -log_utils - 2022-11-23 16:16:25  keycloak login suceesfully  
INFO  -40 -log_utils - 2022-11-23 16:16:30  OTP login suceesfully  
INFO  -83 -log_utils - 2022-11-23 16:16:32  Start to use the predicting system.        
INFO  -55 -log_utils - 2022-11-23 16:16:48  serverDB connects suceesfully  
INFO  -69 -log_utils - 2022-11-23 16:16:50  Line width result is 136.855  
INFO  -24 -log_utils - 2022-11-23 16:33:19  keycloak login suceesfully  
INFO  -40 -log_utils - 2022-11-23 16:33:26  OTP login suceesfully  
INFO  -83 -log_utils - 2022-11-23 16:33:29  Start to use the predicting system.        
INFO  -55 -log_utils - 2022-11-23 16:33:42  serverDB connects suceesfully  
INFO  -69 -log_utils - 2022-11-23 16:33:44  Line width result is 136.25  
INFO  -24 -log_utils - 2022-11-23 16:34:04  keycloak login suceesfully  
INFO  -40 -log_utils - 2022-11-23 16:34:12  OTP login suceesfully  
INFO  -83 -log_utils - 2022-11-23 16:34:14  Start to use the predicting system.        
INFO  -55 -log_utils - 2022-11-23 16:34:30  serverDB connects suceesfully  
INFO  -69 -log_utils - 2022-11-23 16:34:31  Line width result is 136.25  
INFO  -76 -log_utils - 2022-11-23 16:34:38  manual logout        
INFO  -24 -log_utils - 2022-11-23 16:34:49  keycloak login suceesfully  
INFO  -40 -log_utils - 2022-11-23 16:34:56  OTP login suceesfully  
INFO  -83 -log_utils - 2022-11-23 16:34:59  Start to use the predicting system.        
INFO  -24 -log_utils - 2022-11-23 16:49:32  keycloak login suceesfully  
INFO  -40 -log_utils - 2022-11-23 16:49:37  OTP login suceesfully  
INFO  -83 -log_utils - 2022-11-23 16:49:38  Start to use the predicting system.        
INFO  -55 -log_utils - 2022-11-23 16:49:49  serverDB connects suceesfully  
INFO  -69 -log_utils - 2022-11-23 16:49:51  Line width result is 136.25  
INFO  -24 -log_utils - 2022-11-23 16:50:54  keycloak login suceesfully  
INFO  -40 -log_utils - 2022-11-23 16:51:01  OTP login suceesfully  
INFO  -83 -log_utils - 2022-11-23 16:51:03  Start to use the predicting system.        
INFO  -55 -log_utils - 2022-11-23 16:51:15  serverDB connects suceesfully  
INFO  -69 -log_utils - 2022-11-23 16:51:15  Line width result is 136.25  
INFO  -24 -log_utils - 2022-11-23 16:52:19  keycloak login suceesfully  
INFO  -40 -log_utils - 2022-11-23 16:52:24  OTP login suceesfully  
INFO  -83 -log_utils - 2022-11-23 16:52:26  Start to use the predicting system.        
INFO  -55 -log_utils - 2022-11-23 16:52:38  serverDB connects suceesfully  
INFO  -69 -log_utils - 2022-11-23 16:52:39  Line width result is 136.25  
INFO  -24 -log_utils - 2022-11-23 16:54:08  keycloak login suceesfully  
INFO  -40 -log_utils - 2022-11-23 16:54:13  OTP login suceesfully  
INFO  -83 -log_utils - 2022-11-23 16:54:14  Start to use the predicting system.        
INFO  -55 -log_utils - 2022-11-23 16:54:25  serverDB connects suceesfully  
INFO  -69 -log_utils - 2022-11-23 16:54:27  Line width result is 136.25  
INFO  -24 -log_utils - 2022-11-23 16:54:54  keycloak login suceesfully  
INFO  -40 -log_utils - 2022-11-23 16:54:59  OTP login suceesfully  
INFO  -83 -log_utils - 2022-11-23 16:55:00  Start to use the predicting system.        
INFO  -55 -log_utils - 2022-11-23 16:55:11  serverDB connects suceesfully  
INFO  -69 -log_utils - 2022-11-23 16:55:14  Line width result is 136.25  
INFO  -24 -log_utils - 2022-11-23 17:02:18  keycloak login suceesfully  
INFO  -40 -log_utils - 2022-11-23 17:02:24  OTP login suceesfully  
INFO  -83 -log_utils - 2022-11-23 17:02:25  Start to use the predicting system.        
INFO  -24 -log_utils - 2022-11-23 17:03:08  keycloak login suceesfully  
INFO  -40 -log_utils - 2022-11-23 17:03:12  OTP login suceesfully  
INFO  -83 -log_utils - 2022-11-23 17:03:14  Start to use the predicting system.        
INFO  -55 -log_utils - 2022-11-23 17:03:26  serverDB connects suceesfully  
INFO  -69 -log_utils - 2022-11-23 17:03:28  Line width result is 136.25  
INFO  -24 -log_utils - 2022-11-23 17:03:47  keycloak login suceesfully  
INFO  -40 -log_utils - 2022-11-23 17:03:53  OTP login suceesfully  
INFO  -83 -log_utils - 2022-11-23 17:03:54  Start to use the predicting system.        
INFO  -55 -log_utils - 2022-11-23 17:04:06  serverDB connects suceesfully  
INFO  -69 -log_utils - 2022-11-23 17:04:07  Line width result is 136.25  
INFO  -24 -log_utils - 2022-11-23 19:00:18  keycloak login suceesfully  
INFO  -40 -log_utils - 2022-11-23 19:00:24  OTP login suceesfully  
INFO  -83 -log_utils - 2022-11-23 19:00:25  Start to use the predicting system.        
INFO  -55 -log_utils - 2022-11-23 19:00:37  serverDB connects suceesfully  
INFO  -69 -log_utils - 2022-11-23 19:00:39  Line width result is 136.25  
INFO  -24 -log_utils - 2022-11-23 19:02:50  keycloak login suceesfully  
INFO  -40 -log_utils - 2022-11-23 19:02:54  OTP login suceesfully  
INFO  -83 -log_utils - 2022-11-23 19:02:55  Start to use the predicting system.        
INFO  -55 -log_utils - 2022-11-23 19:03:07  serverDB connects suceesfully  
INFO  -69 -log_utils - 2022-11-23 19:03:08  Line width result is 136.25  
INFO  -24 -log_utils - 2022-11-23 19:05:12  keycloak login suceesfully  
INFO  -40 -log_utils - 2022-11-23 19:05:17  OTP login suceesfully  
INFO  -83 -log_utils - 2022-11-23 19:05:18  Start to use the predicting system.        
INFO  -55 -log_utils - 2022-11-23 19:05:28  serverDB connects suceesfully  
INFO  -69 -log_utils - 2022-11-23 19:05:30  Line width result is 136.25  
INFO  -24 -log_utils - 2022-11-23 19:07:08  keycloak login suceesfully  
INFO  -40 -log_utils - 2022-11-23 19:07:12  OTP login suceesfully  
INFO  -83 -log_utils - 2022-11-23 19:07:13  Start to use the predicting system.        
INFO  -55 -log_utils - 2022-11-23 19:07:24  serverDB connects suceesfully  
INFO  -69 -log_utils - 2022-11-23 19:07:26  Line width result is 136.25  
INFO  -24 -log_utils - 2022-11-23 19:08:05  keycloak login suceesfully  
INFO  -40 -log_utils - 2022-11-23 19:08:10  OTP login suceesfully  
INFO  -83 -log_utils - 2022-11-23 19:08:12  Start to use the predicting system.        
INFO  -55 -log_utils - 2022-11-23 19:08:23  serverDB connects suceesfully  
INFO  -69 -log_utils - 2022-11-23 19:08:24  Line width result is 136.25  
INFO  -24 -log_utils - 2022-11-23 19:09:36  keycloak login suceesfully  
INFO  -40 -log_utils - 2022-11-23 19:09:41  OTP login suceesfully  
INFO  -83 -log_utils - 2022-11-23 19:09:42  Start to use the predicting system.        
INFO  -55 -log_utils - 2022-11-23 19:09:54  serverDB connects suceesfully  
INFO  -69 -log_utils - 2022-11-23 19:09:56  Line width result is 136.25  
INFO  -24 -log_utils - 2022-11-23 19:11:09  keycloak login suceesfully  
INFO  -40 -log_utils - 2022-11-23 19:11:13  OTP login suceesfully  
INFO  -83 -log_utils - 2022-11-23 19:11:15  Start to use the predicting system.        
INFO  -55 -log_utils - 2022-11-23 19:11:33  serverDB connects suceesfully  
INFO  -69 -log_utils - 2022-11-23 19:11:34  Line width result is 136.25  
INFO  -24 -log_utils - 2022-11-23 19:14:23  keycloak login suceesfully  
INFO  -24 -log_utils - 2022-11-23 19:14:47  keycloak login suceesfully  
INFO  -40 -log_utils - 2022-11-23 19:14:51  OTP login suceesfully  
INFO  -83 -log_utils - 2022-11-23 19:14:52  Start to use the predicting system.        
INFO  -55 -log_utils - 2022-11-23 19:15:03  serverDB connects suceesfully  
INFO  -69 -log_utils - 2022-11-23 19:15:05  Line width result is 136.25  
INFO  -24 -log_utils - 2022-11-23 19:15:21  keycloak login suceesfully  
INFO  -40 -log_utils - 2022-11-23 19:15:26  OTP login suceesfully  
INFO  -83 -log_utils - 2022-11-23 19:15:27  Start to use the predicting system.        
INFO  -55 -log_utils - 2022-11-23 19:15:37  serverDB connects suceesfully  
INFO  -69 -log_utils - 2022-11-23 19:15:39  Line width result is 136.25  
INFO  -76 -log_utils - 2022-11-23 19:15:43  manual logout        
INFO  -24 -log_utils - 2022-11-23 19:15:47  keycloak login suceesfully  
INFO  -40 -log_utils - 2022-11-23 19:15:52  OTP login suceesfully  
INFO  -83 -log_utils - 2022-11-23 19:15:53  Start to use the predicting system.        
INFO  -24 -log_utils - 2022-11-23 19:19:38  keycloak login suceesfully  
INFO  -40 -log_utils - 2022-11-23 19:19:44  OTP login suceesfully  
INFO  -83 -log_utils - 2022-11-23 19:19:47  Start to use the predicting system.        
INFO  -55 -log_utils - 2022-11-23 19:19:59  serverDB connects suceesfully  
INFO  -69 -log_utils - 2022-11-23 19:20:01  Line width result is 136.25  
INFO  -76 -log_utils - 2022-11-23 19:20:04  manual logout        
INFO  -24 -log_utils - 2022-11-23 19:20:09  keycloak login suceesfully  
INFO  -40 -log_utils - 2022-11-23 19:20:13  OTP login suceesfully  
INFO  -83 -log_utils - 2022-11-23 19:20:14  Start to use the predicting system.        
INFO  -24 -log_utils - 2022-11-23 19:21:27  keycloak login suceesfully  
INFO  -40 -log_utils - 2022-11-23 19:21:32  OTP login suceesfully  
INFO  -83 -log_utils - 2022-11-23 19:21:34  Start to use the predicting system.        
INFO  -55 -log_utils - 2022-11-23 19:21:45  serverDB connects suceesfully  
INFO  -69 -log_utils - 2022-11-23 19:21:47  Line width result is 136.25  
INFO  -76 -log_utils - 2022-11-23 19:21:51  manual logout        
INFO  -24 -log_utils - 2022-11-23 19:21:54  keycloak login suceesfully  
INFO  -40 -log_utils - 2022-11-23 19:21:59  OTP login suceesfully  
INFO  -83 -log_utils - 2022-11-23 19:22:01  Start to use the predicting system.        
INFO  -55 -log_utils - 2022-11-23 19:22:12  serverDB connects suceesfully  
INFO  -69 -log_utils - 2022-11-23 19:22:12  Line width result is 136.161  
INFO  -76 -log_utils - 2022-11-23 19:22:18  manual logout        
INFO  -24 -log_utils - 2022-11-23 19:26:02  keycloak login suceesfully  
INFO  -40 -log_utils - 2022-11-23 19:26:07  OTP login suceesfully  
INFO  -83 -log_utils - 2022-11-23 19:26:09  Start to use the predicting system.        
INFO  -55 -log_utils - 2022-11-23 19:26:20  serverDB connects suceesfully  
INFO  -69 -log_utils - 2022-11-23 19:26:22  Line width result is 136.25  
INFO  -76 -log_utils - 2022-11-23 19:26:32  manual logout        
INFO  -24 -log_utils - 2022-11-23 19:26:36  keycloak login suceesfully  
INFO  -40 -log_utils - 2022-11-23 19:26:41  OTP login suceesfully  
INFO  -83 -log_utils - 2022-11-23 19:26:42  Start to use the predicting system.        
INFO  -55 -log_utils - 2022-11-23 19:26:54  serverDB connects suceesfully  
INFO  -69 -log_utils - 2022-11-23 19:26:54  Line width result is 136.138  
INFO  -76 -log_utils - 2022-11-23 19:27:02  manual logout        
INFO  -24 -log_utils - 2022-11-23 19:27:05  keycloak login suceesfully  
INFO  -40 -log_utils - 2022-11-23 19:27:10  OTP login suceesfully  
INFO  -83 -log_utils - 2022-11-23 19:27:12  Start to use the predicting system.        
INFO  -55 -log_utils - 2022-11-23 19:27:25  serverDB connects suceesfully  
INFO  -69 -log_utils - 2022-11-23 19:27:25  Line width result is 136.138  
INFO  -24 -log_utils - 2022-11-23 19:36:59  keycloak login suceesfully  
INFO  -40 -log_utils - 2022-11-23 19:37:04  OTP login suceesfully  
INFO  -83 -log_utils - 2022-11-23 19:37:05  Start to use the predicting system.        
INFO  -55 -log_utils - 2022-11-23 19:37:16  serverDB connects suceesfully  
INFO  -69 -log_utils - 2022-11-23 19:37:18  Line width result is 136.25  
INFO  -76 -log_utils - 2022-11-23 19:37:20  manual logout        
INFO  -24 -log_utils - 2022-11-23 19:37:23  keycloak login suceesfully  
INFO  -40 -log_utils - 2022-11-23 19:37:27  OTP login suceesfully  
INFO  -83 -log_utils - 2022-11-23 19:37:29  Start to use the predicting system.        
INFO  -55 -log_utils - 2022-11-23 19:37:40  serverDB connects suceesfully  
INFO  -69 -log_utils - 2022-11-23 19:37:40  Line width result is 136.047  
INFO  -25 -log_utils - 2022-12-01 15:41:49  keycloak login suceesfully 
INFO  -41 -log_utils - 2022-12-01 15:41:55  OTP login suceesfully 
INFO  -84 -log_utils - 2022-12-01 15:41:57  Start to use the predicting system.       
INFO  -56 -log_utils - 2022-12-01 15:42:09  serverDB connects suceesfully 
INFO  -70 -log_utils - 2022-12-01 15:42:11  Line width result is 136.25 
